# JRE version: Java(TM) SE Runtime Environment (8.0_261-b12) (build 1.8.0_261-b12)
# Java VM: Java HotSpot(TM) 64-Bit Server VM (25.261-b12 mixed mode windows-amd64 compressed oops)
Heap:
 PSYoungGen      total 75776K, used 10734K [0x000000076ba00000, 0x0000000772200000, 0x00000007c0000000)
  eden space 65024K, 0% used [0x000000076ba00000,0x000000076ba00000,0x000000076f980000)
  from space 10752K, 99% used [0x0000000771780000,0x00000007721fb8a8,0x0000000772200000)
  to   space 10752K, 0% used [0x000000076f980000,0x000000076f980000,0x0000000770400000)
 ParOldGen       total 117760K, used 11540K [0x00000006c2e00000, 0x00000006ca100000, 0x000000076ba00000)
  object space 117760K, 9% used [0x00000006c2e00000,0x00000006c39453c0,0x00000006ca100000)
 Metaspace       used 32981K, capacity 35334K, committed 35456K, reserved 1079296K
  class space    used 4433K, capacity 4877K, committed 4992K, reserved 1048576K
GC Heap History (10 events):
Event: 0.624 GC heap after
Heap after GC invocations=1 (full 0):
 PSYoungGen      total 75776K, used 10747K [0x000000076ba00000, 0x0000000770e80000, 0x00000007c0000000)
  eden space 65024K, 0% used [0x000000076ba00000,0x000000076ba00000,0x000000076f980000)
  from space 10752K, 99% used [0x000000076f980000,0x00000007703fef60,0x0000000770400000)
  to   space 10752K, 0% used [0x0000000770400000,0x0000000770400000,0x0000000770e80000)
 ParOldGen       total 173568K, used 790K [0x00000006c2e00000, 0x00000006cd780000, 0x000000076ba00000)
  object space 173568K, 0% used [0x00000006c2e00000,0x00000006c2ec59a0,0x00000006cd780000)
 Metaspace       used 15982K, capacity 16780K, committed 16896K, reserved 1064960K
  class space    used 2071K, capacity 2268K, committed 2304K, reserved 1048576K
}
Event: 0.976 GC heap before
{Heap before GC invocations=2 (full 0):
 PSYoungGen      total 75776K, used 68896K [0x000000076ba00000, 0x0000000770e80000, 0x00000007c0000000)
  eden space 65024K, 89% used [0x000000076ba00000,0x000000076f2c9320,0x000000076f980000)
  from space 10752K, 99% used [0x000000076f980000,0x00000007703fef60,0x0000000770400000)
  to   space 10752K, 0% used [0x0000000770400000,0x0000000770400000,0x0000000770e80000)
 ParOldGen       total 173568K, used 790K [0x00000006c2e00000, 0x00000006cd780000, 0x000000076ba00000)
  object space 173568K, 0% used [0x00000006c2e00000,0x00000006c2ec59a0,0x00000006cd780000)
 Metaspace       used 20149K, capacity 21278K, committed 21296K, reserved 1067008K
  class space    used 2693K, capacity 2935K, committed 2944K, reserved 1048576K
Event: 0.983 GC heap after
Heap after GC invocations=2 (full 0):
 PSYoungGen      total 75776K, used 10746K [0x000000076ba00000, 0x0000000774e00000, 0x00000007c0000000)
  eden space 65024K, 0% used [0x000000076ba00000,0x000000076ba00000,0x000000076f980000)
  from space 10752K, 99% used [0x0000000770400000,0x0000000770e7ea50,0x0000000770e80000)
  to   space 10752K, 0% used [0x000000076f980000,0x000000076f980000,0x0000000770400000)
 ParOldGen       total 173568K, used 1285K [0x00000006c2e00000, 0x00000006cd780000, 0x000000076ba00000)
  object space 173568K, 0% used [0x00000006c2e00000,0x00000006c2f41480,0x00000006cd780000)
 Metaspace       used 20149K, capacity 21278K, committed 21296K, reserved 1067008K
  class space    used 2693K, capacity 2935K, committed 2944K, reserved 1048576K
}
Event: 0.983 GC heap before
{Heap before GC invocations=3 (full 1):
 PSYoungGen      total 75776K, used 10746K [0x000000076ba00000, 0x0000000774e00000, 0x00000007c0000000)
  eden space 65024K, 0% used [0x000000076ba00000,0x000000076ba00000,0x000000076f980000)
  from space 10752K, 99% used [0x0000000770400000,0x0000000770e7ea50,0x0000000770e80000)
  to   space 10752K, 0% used [0x000000076f980000,0x000000076f980000,0x0000000770400000)
 ParOldGen       total 173568K, used 1285K [0x00000006c2e00000, 0x00000006cd780000, 0x000000076ba00000)
  object space 173568K, 0% used [0x00000006c2e00000,0x00000006c2f41480,0x00000006cd780000)
 Metaspace       used 20149K, capacity 21278K, committed 21296K, reserved 1067008K
  class space    used 2693K, capacity 2935K, committed 2944K, reserved 1048576K
Event: 1.005 GC heap after
Heap after GC invocations=3 (full 1):
 PSYoungGen      total 75776K, used 0K [0x000000076ba00000, 0x0000000774e00000, 0x00000007c0000000)
  eden space 65024K, 0% used [0x000000076ba00000,0x000000076ba00000,0x000000076f980000)
  from space 10752K, 0% used [0x0000000770400000,0x0000000770400000,0x0000000770e80000)
  to   space 10752K, 0% used [0x000000076f980000,0x000000076f980000,0x0000000770400000)
 ParOldGen       total 117760K, used 10889K [0x00000006c2e00000, 0x00000006ca100000, 0x000000076ba00000)
  object space 117760K, 9% used [0x00000006c2e00000,0x00000006c38a2528,0x00000006ca100000)
 Metaspace       used 20149K, capacity 21278K, committed 21296K, reserved 1067008K
  class space    used 2693K, capacity 2935K, committed 2944K, reserved 1048576K
}
Event: 2.383 GC heap before
{Heap before GC invocations=4 (full 1):
 PSYoungGen      total 75776K, used 65024K [0x000000076ba00000, 0x0000000774e00000, 0x00000007c0000000)
  eden space 65024K, 100% used [0x000000076ba00000,0x000000076f980000,0x000000076f980000)
  from space 10752K, 0% used [0x0000000770400000,0x0000000770400000,0x0000000770e80000)
  to   space 10752K, 0% used [0x000000076f980000,0x000000076f980000,0x0000000770400000)
 ParOldGen       total 117760K, used 10889K [0x00000006c2e00000, 0x00000006ca100000, 0x000000076ba00000)
  object space 117760K, 9% used [0x00000006c2e00000,0x00000006c38a2528,0x00000006ca100000)
 Metaspace       used 27077K, capacity 28944K, committed 29184K, reserved 1075200K
  class space    used 3664K, capacity 4024K, committed 4096K, reserved 1048576K
Event: 2.388 GC heap after
Heap after GC invocations=4 (full 1):
 PSYoungGen      total 75776K, used 9557K [0x000000076ba00000, 0x0000000772200000, 0x00000007c0000000)
  eden space 65024K, 0% used [0x000000076ba00000,0x000000076ba00000,0x000000076f980000)
  from space 10752K, 88% used [0x000000076f980000,0x00000007702d5500,0x0000000770400000)
  to   space 10752K, 0% used [0x0000000771780000,0x0000000771780000,0x0000000772200000)
 ParOldGen       total 117760K, used 10897K [0x00000006c2e00000, 0x00000006ca100000, 0x000000076ba00000)
  object space 117760K, 9% used [0x00000006c2e00000,0x00000006c38a4528,0x00000006ca100000)
 Metaspace       used 27077K, capacity 28944K, committed 29184K, reserved 1075200K
  class space    used 3664K, capacity 4024K, committed 4096K, reserved 1048576K
}
Event: 225.659 GC heap before
{Heap before GC invocations=5 (full 1):
 PSYoungGen      total 75776K, used 57537K [0x000000076ba00000, 0x0000000772200000, 0x00000007c0000000)
  eden space 65024K, 73% used [0x000000076ba00000,0x000000076e8db0c0,0x000000076f980000)
  from space 10752K, 88% used [0x000000076f980000,0x00000007702d5500,0x0000000770400000)
  to   space 10752K, 0% used [0x0000000771780000,0x0000000771780000,0x0000000772200000)
 ParOldGen       total 117760K, used 10897K [0x00000006c2e00000, 0x00000006ca100000, 0x000000076ba00000)
  object space 117760K, 9% used [0x00000006c2e00000,0x00000006c38a4528,0x00000006ca100000)
 Metaspace       used 32981K, capacity 35334K, committed 35456K, reserved 1079296K
  class space    used 4433K, capacity 4877K, committed 4992K, reserved 1048576K
Event: 225.671 GC heap after
Heap after GC invocations=5 (full 1):
 PSYoungGen      total 75776K, used 10734K [0x000000076ba00000, 0x0000000772200000, 0x00000007c0000000)
  eden space 65024K, 0% used [0x000000076ba00000,0x000000076ba00000,0x000000076f980000)
  from space 10752K, 99% used [0x0000000771780000,0x00000007721fb8a8,0x0000000772200000)
  to   space 10752K, 0% used [0x000000076f980000,0x000000076f980000,0x0000000770400000)
 ParOldGen       total 117760K, used 11540K [0x00000006c2e00000, 0x00000006ca100000, 0x000000076ba00000)
  object space 117760K, 9% used [0x00000006c2e00000,0x00000006c39453c0,0x00000006ca100000)
 Metaspace       used 32981K, capacity 35334K, committed 35456K, reserved 1079296K
  class space    used 4433K, capacity 4877K, committed 4992K, reserved 1048576K
}
Event: 225.671 GC heap before
{Heap before GC invocations=6 (full 2):
 PSYoungGen      total 75776K, used 10734K [0x000000076ba00000, 0x0000000772200000, 0x00000007c0000000)
  eden space 65024K, 0% used [0x000000076ba00000,0x000000076ba00000,0x000000076f980000)
  from space 10752K, 99% used [0x0000000771780000,0x00000007721fb8a8,0x0000000772200000)
  to   space 10752K, 0% used [0x000000076f980000,0x000000076f980000,0x0000000770400000)
 ParOldGen       total 117760K, used 11540K [0x00000006c2e00000, 0x00000006ca100000, 0x000000076ba00000)
  object space 117760K, 9% used [0x00000006c2e00000,0x00000006c39453c0,0x00000006ca100000)
 Metaspace       used 32981K, capacity 35334K, committed 35456K, reserved 1079296K
  class space    used 4433K, capacity 4877K, committed 4992K, reserved 1048576K

